<?xml version="1.0" encoding="UTF-8"?>
<!-- Generated by org.testng.reporters.JUnitReportReporter -->
<testsuite hostname="DESKTOP-R03G4EV" failures="0" tests="3" name="com.learnautomation.testcases.LoginTest" time="2.711" errors="0" timestamp="15 Jan 2021 04:48:50 GMT" skipped="1">
  <testcase classname="com.learnautomation.testcases.LoginTest" name="logintest" time="1.976"/>
  <testcase classname="com.learnautomation.testcases.LoginTest" name="logouttest" time="0.112"/>
  <testcase classname="com.learnautomation.testcases.LoginTest" name="refreshtest" time="0.623">
    <skipped/>
  </testcase> <!-- refreshtest -->
</testsuite> <!-- com.learnautomation.testcases.LoginTest -->
